<?xml version="1.0" encoding="UTF-8"?>
<testsuite name="test.springdbclient.DbclientApplicationTests" time="0.011" tests="1" errors="1" skipped="0" failures="0">
  <properties>
[...]
</properties>
  <testcase name="initializationError" classname="test.springdbclient.DbclientApplicationTests" time="0.011">
    <error message="Unable to find a @SpringBootConfiguration, you need to use @ContextConfiguration or @SpringBootTest(classes=...) with your test" type="java.lang.IllegalStateException"><![CDATA[java.lang.IllegalStateException: Unable to find a @SpringBootConfiguration, you need to use @ContextConfiguration or @SpringBootTest(classes=...) with your test
	at org.springframework.util.Assert.state(Assert.java:392)
	at org.springframework.boot.test.context.SpringBootTestContextBootstrapper.getOrFindConfigurationClasses(SpringBootTestContextBootstrapper.java:173)
	at org.springframework.boot.test.context.SpringBootTestContextBootstrapper.processMergedContextConfiguration(SpringBootTestContextBootstrapper.java:133)
	at org.springframework.test.context.support.AbstractTestContextBootstrapper.buildMergedContextConfiguration(AbstractTestContextBootstrapper.java:409)
	at org.springframework.test.context.support.AbstractTestContextBootstrapper.buildDefaultMergedContextConfiguration(AbstractTestContextBootstrapper.java:323)
	at org.springframework.test.context.support.AbstractTestContextBootstrapper.buildMergedContextConfiguration(AbstractTestContextBootstrapper.java:277)
	at org.springframework.test.context.support.AbstractTestContextBootstrapper.buildTestContext(AbstractTestContextBootstrapper.java:112)
	at org.springframework.boot.test.context.SpringBootTestContextBootstrapper.buildTestContext(SpringBootTestContextBootstrapper.java:78)
	at org.springframework.test.context.TestContextManager.<init>(TestContextManager.java:120)
	at org.springframework.test.context.TestContextManager.<init>(TestContextManager.java:105)
	at org.springframework.test.context.junit4.SpringJUnit4ClassRunner.createTestContextManager(SpringJUnit4ClassRunner.java:152)
	at org.springframework.test.context.junit4.SpringJUnit4ClassRunner.<init>(SpringJUnit4ClassRunner.java:143)
	at org.springframework.test.context.junit4.SpringRunner.<init>(SpringRunner.java:49)
	at sun.reflect.NativeConstructorAccessorImpl.newInstance0(Native Method)
	at sun.reflect.NativeConstructorAccessorImpl.newInstance(NativeConstructorAccessorImpl.java:62)
	at sun.reflect.DelegatingConstructorAccessorImpl.newInstance(DelegatingConstructorAccessorImpl.java:45)
	at java.lang.reflect.Constructor.newInstance(Constructor.java:422)
	at org.junit.internal.builders.AnnotatedBuilder.buildRunner(AnnotatedBuilder.java:104)
	at org.junit.internal.builders.AnnotatedBuilder.runnerForClass(AnnotatedBuilder.java:86)
	at org.junit.runners.model.RunnerBuilder.safeRunnerForClass(RunnerBuilder.java:59)
	at org.junit.internal.builders.AllDefaultPossibilitiesBuilder.runnerForClass(AllDefaultPossibilitiesBuilder.java:26)
	at org.junit.runners.model.RunnerBuilder.safeRunnerForClass(RunnerBuilder.java:59)
	at org.junit.internal.requests.ClassRequest.getRunner(ClassRequest.java:33)
	at org.apache.maven.surefire.junit4.JUnit4Provider.execute(JUnit4Provider.java:283)
	at org.apache.maven.surefire.junit4.JUnit4Provider.executeWithRerun(JUnit4Provider.java:173)
	at org.apache.maven.surefire.junit4.JUnit4Provider.executeTestSet(JUnit4Provider.java:153)
	at org.apache.maven.surefire.junit4.JUnit4Provider.invoke(JUnit4Provider.java:128)
	at org.apache.maven.surefire.booter.ForkedBooter.invokeProviderInSameClassLoader(ForkedBooter.java:203)
	at org.apache.maven.surefire.booter.ForkedBooter.runSuitesInProcess(ForkedBooter.java:155)
	at org.apache.maven.surefire.booter.ForkedBooter.main(ForkedBooter.java:103)
]]></error>
    <system-out><![CDATA[15:17:40.277 [main] DEBUG org.springframework.test.context.junit4.SpringJUnit4ClassRunner - SpringJUnit4ClassRunner constructor called with [class test.springdbclient.DbclientApplicationTests]
15:17:40.295 [main] DEBUG org.springframework.test.context.BootstrapUtils - Instantiating CacheAwareContextLoaderDelegate from class [org.springframework.test.context.cache.DefaultCacheAwareContextLoaderDelegate]
15:17:40.309 [main] DEBUG org.springframework.test.context.BootstrapUtils - Instantiating BootstrapContext using constructor [public org.springframework.test.context.support.DefaultBootstrapContext(java.lang.Class,org.springframework.test.context.CacheAwareContextLoaderDelegate)]
15:17:40.336 [main] DEBUG org.springframework.test.context.BootstrapUtils - Instantiating TestContextBootstrapper for test class [test.springdbclient.DbclientApplicationTests] from class [org.springframework.boot.test.context.SpringBootTestContextBootstrapper]
15:17:40.355 [main] INFO org.springframework.boot.test.context.SpringBootTestContextBootstrapper - Neither @ContextConfiguration nor @ContextHierarchy found for test class [test.springdbclient.DbclientApplicationTests], using SpringBootContextLoader
15:17:40.363 [main] DEBUG org.springframework.test.context.support.AbstractContextLoader - Did not detect default resource location for test class [test.springdbclient.DbclientApplicationTests]: class path resource [test/springdbclient/DbclientApplicationTests-context.xml] does not exist
15:17:40.363 [main] DEBUG org.springframework.test.context.support.AbstractContextLoader - Did not detect default resource location for test class [test.springdbclient.DbclientApplicationTests]: class path resource [test/springdbclient/DbclientApplicationTestsContext.groovy] does not exist
15:17:40.364 [main] INFO org.springframework.test.context.support.AbstractContextLoader - Could not detect default resource locations for test class [test.springdbclient.DbclientApplicationTests]: no resource found for suffixes {-context.xml, Context.groovy}.
15:17:40.365 [main] INFO org.springframework.test.context.support.AnnotationConfigContextLoaderUtils - Could not detect default configuration classes for test class [test.springdbclient.DbclientApplicationTests]: DbclientApplicationTests does not declare any static, non-private, non-final, nested classes annotated with @Configuration.
15:17:40.427 [main] DEBUG org.springframework.test.context.support.ActiveProfilesUtils - Could not find an 'annotation declaring class' for annotation type [org.springframework.test.context.ActiveProfiles] and class [test.springdbclient.DbclientApplicationTests]
15:17:40.439 [main] DEBUG org.springframework.core.env.StandardEnvironment - Adding [systemProperties] PropertySource with lowest search precedence
15:17:40.439 [main] DEBUG org.springframework.core.env.StandardEnvironment - Adding [systemEnvironment] PropertySource with lowest search precedence
15:17:40.439 [main] DEBUG org.springframework.core.env.StandardEnvironment - Initialized StandardEnvironment with PropertySources [systemProperties,systemEnvironment]
15:17:40.464 [main] DEBUG org.springframework.core.io.support.PathMatchingResourcePatternResolver - Resolved classpath location [test/springdbclient/] to resources [URL [file:/C:/Users/Ville/Documents/GitHub/SpringDBClient/SpringDBClient/target/test-classes/test/springdbclient/]]
15:17:40.468 [main] DEBUG org.springframework.core.io.support.PathMatchingResourcePatternResolver - Looking for matching resources in directory tree [C:\Users\Ville\Documents\GitHub\SpringDBClient\SpringDBClient\target\test-classes\test\springdbclient]
15:17:40.468 [main] DEBUG org.springframework.core.io.support.PathMatchingResourcePatternResolver - Searching directory [C:\Users\Ville\Documents\GitHub\SpringDBClient\SpringDBClient\target\test-classes\test\springdbclient] for files matching pattern [C:/Users/Ville/Documents/GitHub/SpringDBClient/SpringDBClient/target/test-classes/test/springdbclient/*.class]
15:17:40.473 [main] DEBUG org.springframework.core.io.support.PathMatchingResourcePatternResolver - Resolved location pattern [classpath*:test/springdbclient/*.class] to resources [file [C:\Users\Ville\Documents\GitHub\SpringDBClient\SpringDBClient\target\test-classes\test\springdbclient\DbclientApplicationTests.class]]
15:17:40.493 [main] DEBUG org.springframework.core.io.support.PathMatchingResourcePatternResolver - Resolved classpath location [test/] to resources [URL [file:/C:/Users/Ville/Documents/GitHub/SpringDBClient/SpringDBClient/target/test-classes/test/]]
15:17:40.493 [main] DEBUG org.springframework.core.io.support.PathMatchingResourcePatternResolver - Looking for matching resources in directory tree [C:\Users\Ville\Documents\GitHub\SpringDBClient\SpringDBClient\target\test-classes\test]
15:17:40.493 [main] DEBUG org.springframework.core.io.support.PathMatchingResourcePatternResolver - Searching directory [C:\Users\Ville\Documents\GitHub\SpringDBClient\SpringDBClient\target\test-classes\test] for files matching pattern [C:/Users/Ville/Documents/GitHub/SpringDBClient/SpringDBClient/target/test-classes/test/*.class]
15:17:40.495 [main] DEBUG org.springframework.core.io.support.PathMatchingResourcePatternResolver - Resolved location pattern [classpath*:test/*.class] to resources []
15:17:40.506 [main] DEBUG org.springframework.test.context.junit4.SpringJUnit4ClassRunner - SpringJUnit4ClassRunner constructor called with [class test.springdbclient.DbclientApplicationTests]
15:17:40.507 [main] DEBUG org.springframework.test.context.BootstrapUtils - Instantiating CacheAwareContextLoaderDelegate from class [org.springframework.test.context.cache.DefaultCacheAwareContextLoaderDelegate]
15:17:40.508 [main] DEBUG org.springframework.test.context.BootstrapUtils - Instantiating BootstrapContext using constructor [public org.springframework.test.context.support.DefaultBootstrapContext(java.lang.Class,org.springframework.test.context.CacheAwareContextLoaderDelegate)]
15:17:40.509 [main] DEBUG org.springframework.test.context.BootstrapUtils - Instantiating TestContextBootstrapper for test class [test.springdbclient.DbclientApplicationTests] from class [org.springframework.boot.test.context.SpringBootTestContextBootstrapper]
15:17:40.510 [main] INFO org.springframework.boot.test.context.SpringBootTestContextBootstrapper - Neither @ContextConfiguration nor @ContextHierarchy found for test class [test.springdbclient.DbclientApplicationTests], using SpringBootContextLoader
15:17:40.512 [main] DEBUG org.springframework.test.context.support.AbstractContextLoader - Did not detect default resource location for test class [test.springdbclient.DbclientApplicationTests]: class path resource [test/springdbclient/DbclientApplicationTests-context.xml] does not exist
15:17:40.513 [main] DEBUG org.springframework.test.context.support.AbstractContextLoader - Did not detect default resource location for test class [test.springdbclient.DbclientApplicationTests]: class path resource [test/springdbclient/DbclientApplicationTestsContext.groovy] does not exist
15:17:40.515 [main] INFO org.springframework.test.context.support.AbstractContextLoader - Could not detect default resource locations for test class [test.springdbclient.DbclientApplicationTests]: no resource found for suffixes {-context.xml, Context.groovy}.
15:17:40.516 [main] INFO org.springframework.test.context.support.AnnotationConfigContextLoaderUtils - Could not detect default configuration classes for test class [test.springdbclient.DbclientApplicationTests]: DbclientApplicationTests does not declare any static, non-private, non-final, nested classes annotated with @Configuration.
15:17:40.538 [main] DEBUG org.springframework.test.context.support.ActiveProfilesUtils - Could not find an 'annotation declaring class' for annotation type [org.springframework.test.context.ActiveProfiles] and class [test.springdbclient.DbclientApplicationTests]
15:17:40.538 [main] DEBUG org.springframework.core.env.StandardEnvironment - Adding [systemProperties] PropertySource with lowest search precedence
15:17:40.538 [main] DEBUG org.springframework.core.env.StandardEnvironment - Adding [systemEnvironment] PropertySource with lowest search precedence
15:17:40.539 [main] DEBUG org.springframework.core.env.StandardEnvironment - Initialized StandardEnvironment with PropertySources [systemProperties,systemEnvironment]
15:17:40.540 [main] DEBUG org.springframework.core.io.support.PathMatchingResourcePatternResolver - Resolved classpath location [test/springdbclient/] to resources [URL [file:/C:/Users/Ville/Documents/GitHub/SpringDBClient/SpringDBClient/target/test-classes/test/springdbclient/]]
15:17:40.540 [main] DEBUG org.springframework.core.io.support.PathMatchingResourcePatternResolver - Looking for matching resources in directory tree [C:\Users\Ville\Documents\GitHub\SpringDBClient\SpringDBClient\target\test-classes\test\springdbclient]
15:17:40.542 [main] DEBUG org.springframework.core.io.support.PathMatchingResourcePatternResolver - Searching directory [C:\Users\Ville\Documents\GitHub\SpringDBClient\SpringDBClient\target\test-classes\test\springdbclient] for files matching pattern [C:/Users/Ville/Documents/GitHub/SpringDBClient/SpringDBClient/target/test-classes/test/springdbclient/*.class]
15:17:40.544 [main] DEBUG org.springframework.core.io.support.PathMatchingResourcePatternResolver - Resolved location pattern [classpath*:test/springdbclient/*.class] to resources [file [C:\Users\Ville\Documents\GitHub\SpringDBClient\SpringDBClient\target\test-classes\test\springdbclient\DbclientApplicationTests.class]]
15:17:40.547 [main] DEBUG org.springframework.core.io.support.PathMatchingResourcePatternResolver - Resolved classpath location [test/] to resources [URL [file:/C:/Users/Ville/Documents/GitHub/SpringDBClient/SpringDBClient/target/test-classes/test/]]
15:17:40.547 [main] DEBUG org.springframework.core.io.support.PathMatchingResourcePatternResolver - Looking for matching resources in directory tree [C:\Users\Ville\Documents\GitHub\SpringDBClient\SpringDBClient\target\test-classes\test]
15:17:40.548 [main] DEBUG org.springframework.core.io.support.PathMatchingResourcePatternResolver - Searching directory [C:\Users\Ville\Documents\GitHub\SpringDBClient\SpringDBClient\target\test-classes\test] for files matching pattern [C:/Users/Ville/Documents/GitHub/SpringDBClient/SpringDBClient/target/test-classes/test/*.class]
15:17:40.548 [main] DEBUG org.springframework.core.io.support.PathMatchingResourcePatternResolver - Resolved location pattern [classpath*:test/*.class] to resources []
]]></system-out>
  </testcase>
</testsuite>